{
  "RSpec": {
    "coverage": {
      "/Users/karanmehta/3module/sweater_weather/config/environment.rb": {
        "lines": [
          null,
          1,
          null,
          null,
          1
        ]
      },
      "/Users/karanmehta/3module/sweater_weather/config/application.rb": {
        "lines": [
          1,
          null,
          1,
          null,
          null,
          null,
          1,
          null,
          1,
          1,
          null,
          1,
          null,
          null,
          null,
          null,
          null,
          null,
          null,
          null,
          null,
          null,
          null,
          null,
          1,
          null,
          null
        ]
      },
      "/Users/karanmehta/3module/sweater_weather/config/boot.rb": {
        "lines": [
          1,
          null,
          1,
          1
        ]
      },
      "/Users/karanmehta/3module/sweater_weather/config/environments/test.rb": {
        "lines": [
          1,
          null,
          null,
          null,
          null,
          null,
          null,
          1,
          null,
          null,
          null,
          1,
          null,
          null,
          null,
          null,
          1,
          null,
          null,
          1,
          1,
          null,
          null,
          null,
          null,
          1,
          1,
          1,
          null,
          null,
          1,
          null,
          null,
          1,
          null,
          null,
          1,
          null,
          1,
          null,
          null,
          null,
          null,
          1,
          null,
          null,
          1,
          null,
          null,
          1,
          null,
          null,
          1,
          null,
          null,
          null,
          null,
          null,
          null,
          null
        ]
      },
      "/Users/karanmehta/3module/sweater_weather/config/initializers/cors.rb": {
        "lines": [
          null,
          null,
          null,
          null,
          null,
          null,
          null,
          null,
          null,
          null,
          null,
          null,
          null,
          null,
          null,
          null
        ]
      },
      "/Users/karanmehta/3module/sweater_weather/config/initializers/filter_parameter_logging.rb": {
        "lines": [
          null,
          null,
          null,
          null,
          null,
          1,
          null,
          null
        ]
      },
      "/Users/karanmehta/3module/sweater_weather/config/initializers/inflections.rb": {
        "lines": [
          null,
          null,
          null,
          null,
          null,
          null,
          null,
          null,
          null,
          null,
          null,
          null,
          null,
          null,
          null,
          null
        ]
      },
      "/Users/karanmehta/3module/sweater_weather/config/routes.rb": {
        "lines": [
          1,
          null,
          1,
          1,
          1,
          1,
          1,
          1,
          1,
          null,
          null,
          null
        ]
      },
      "/Users/karanmehta/3module/sweater_weather/app/facades/forecast_facade.rb": {
        "lines": [
          1,
          1,
          4,
          null,
          null,
          1,
          4,
          null,
          null
        ]
      },
      "/Users/karanmehta/3module/sweater_weather/spec/facade/picture_spec.rb": {
        "lines": [
          1,
          null,
          1,
          2,
          null,
          1,
          1,
          null,
          1,
          null,
          null,
          null
        ]
      },
      "/Users/karanmehta/3module/sweater_weather/app/facades/picture_facade.rb": {
        "lines": [
          1,
          1,
          3,
          3,
          null,
          null,
          1,
          3,
          null,
          null
        ]
      },
      "/Users/karanmehta/3module/sweater_weather/spec/facade/road_trip_spec.rb": {
        "lines": [
          1,
          null,
          1,
          2,
          null,
          1,
          1,
          null,
          1,
          1,
          1,
          null,
          null,
          null
        ]
      },
      "/Users/karanmehta/3module/sweater_weather/app/facades/road_trip_facade.rb": {
        "lines": [
          1,
          1,
          4,
          4,
          null,
          null
        ]
      },
      "/Users/karanmehta/3module/sweater_weather/spec/facade/weather_spec.rb": {
        "lines": [
          1,
          null,
          1,
          2,
          null,
          1,
          1,
          null,
          1,
          null,
          null,
          null
        ]
      },
      "/Users/karanmehta/3module/sweater_weather/app/facades/geo_facade.rb": {
        "lines": [
          1,
          1,
          4,
          null,
          null,
          1,
          4,
          null,
          null
        ]
      },
      "/Users/karanmehta/3module/sweater_weather/spec/model/user_spec.rb": {
        "lines": [
          1,
          null,
          1,
          1,
          2,
          null,
          null
        ]
      },
      "/Users/karanmehta/3module/sweater_weather/app/models/user.rb": {
        "lines": [
          1,
          1,
          1,
          1,
          1,
          null
        ]
      },
      "/Users/karanmehta/3module/sweater_weather/app/models/application_record.rb": {
        "lines": [
          1,
          1,
          null
        ]
      },
      "/Users/karanmehta/3module/sweater_weather/spec/poros/forecast_details_spec.rb": {
        "lines": [
          1,
          null,
          1,
          1,
          1,
          1,
          1,
          null,
          1,
          1,
          1,
          null,
          1,
          1,
          1,
          1,
          1,
          1,
          null,
          1,
          null,
          null,
          1,
          1,
          1,
          1,
          null,
          1,
          1,
          null,
          1,
          1,
          null,
          1,
          1,
          1,
          null,
          1,
          1,
          null,
          null,
          null,
          null,
          null
        ]
      },
      "/Users/karanmehta/3module/sweater_weather/app/poros/forecast.rb": {
        "lines": [
          1,
          1,
          null,
          null,
          null,
          null,
          1,
          5,
          5,
          5,
          5,
          null,
          null,
          1,
          null,
          5,
          null,
          null,
          null,
          null,
          null,
          null,
          null,
          null,
          null,
          null,
          null,
          1,
          5,
          null,
          25,
          null,
          null,
          null,
          null,
          null,
          null,
          null,
          null,
          null,
          null,
          1,
          5,
          null,
          40,
          null,
          null,
          null,
          null,
          null,
          null,
          null
        ]
      },
      "/Users/karanmehta/3module/sweater_weather/spec/poros/pictures_spec.rb": {
        "lines": [
          1,
          null,
          1,
          1,
          1,
          1,
          1,
          null,
          1,
          null,
          1,
          null,
          1,
          1,
          1,
          null,
          null,
          null
        ]
      },
      "/Users/karanmehta/3module/sweater_weather/app/poros/picture.rb": {
        "lines": [
          1,
          1,
          null,
          null,
          1,
          4,
          4,
          null,
          null,
          1,
          null,
          4,
          null,
          null,
          null,
          null,
          null
        ]
      },
      "/Users/karanmehta/3module/sweater_weather/spec/poros/road_trip_spec.rb": {
        "lines": [
          1,
          null,
          1,
          1,
          1,
          1,
          1,
          1,
          null,
          1,
          1,
          1,
          1,
          1,
          null,
          null,
          null
        ]
      },
      "/Users/karanmehta/3module/sweater_weather/app/poros/road_trip.rb": {
        "lines": [
          1,
          1,
          null,
          null,
          1,
          5,
          5,
          null,
          null,
          1,
          null,
          5,
          null,
          null,
          null,
          null,
          null
        ]
      },
      "/Users/karanmehta/3module/sweater_weather/spec/poros/weather_geo_spec.rb": {
        "lines": [
          1,
          null,
          1,
          4,
          null,
          1,
          1,
          1,
          1,
          null,
          1,
          null,
          null,
          null,
          1,
          1,
          1,
          1,
          null,
          1,
          null,
          null,
          1,
          1,
          1,
          null,
          1,
          null,
          null,
          null
        ]
      },
      "/Users/karanmehta/3module/sweater_weather/app/poros/weather_geo.rb": {
        "lines": [
          1,
          1,
          null,
          null,
          1,
          7,
          7,
          null,
          null
        ]
      },
      "/Users/karanmehta/3module/sweater_weather/spec/requests/api/v1/forecast_request_spec.rb": {
        "lines": [
          1,
          null,
          1,
          1,
          1,
          2,
          null,
          null,
          1,
          1,
          null,
          null,
          1,
          1,
          1,
          1,
          1,
          1,
          1,
          null,
          1,
          1,
          1,
          1,
          null,
          1,
          1,
          1,
          null,
          null,
          null
        ]
      },
      "/Users/karanmehta/3module/sweater_weather/spec/requests/api/v1/picture_request_spec.rb": {
        "lines": [
          1,
          null,
          1,
          1,
          1,
          2,
          null,
          null,
          1,
          1,
          null,
          null,
          1,
          1,
          1,
          1,
          1,
          1,
          1,
          1,
          1,
          1,
          1,
          null,
          null,
          null
        ]
      },
      "/Users/karanmehta/3module/sweater_weather/spec/requests/api/v1/road_trip_request_spec.rb": {
        "lines": [
          1,
          null,
          1,
          1,
          1,
          1,
          1,
          1,
          null,
          null,
          1,
          1,
          1,
          null,
          1,
          1,
          1,
          1,
          1,
          1,
          1,
          1,
          1,
          1,
          1,
          null,
          null,
          null
        ]
      },
      "/Users/karanmehta/3module/sweater_weather/spec/requests/api/v1/session_request_spec.rb": {
        "lines": [
          1,
          null,
          1,
          1,
          1,
          1,
          1,
          1,
          1,
          null,
          null,
          1,
          1,
          1,
          1,
          1,
          null,
          1,
          1,
          1,
          1,
          1,
          1,
          1,
          null,
          null,
          1,
          1,
          1,
          1,
          null,
          1,
          1,
          null,
          1,
          null,
          null,
          null,
          null
        ]
      },
      "/Users/karanmehta/3module/sweater_weather/spec/requests/api/v1/user_request_spec.rb": {
        "lines": [
          1,
          null,
          1,
          1,
          1,
          1,
          1,
          1,
          null,
          null,
          1,
          1,
          1,
          1,
          1,
          1,
          1,
          null,
          null,
          null
        ]
      },
      "/Users/karanmehta/3module/sweater_weather/spec/services/forecast_service_spec.rb": {
        "lines": [
          1,
          null,
          1,
          2,
          null,
          1,
          1,
          1,
          1,
          null,
          1,
          1,
          1,
          1,
          null,
          null,
          1,
          1,
          1,
          1,
          1,
          1,
          1,
          null,
          null,
          null
        ]
      },
      "/Users/karanmehta/3module/sweater_weather/app/services/forecast_service.rb": {
        "lines": [
          1,
          1,
          5,
          5,
          null,
          null
        ]
      },
      "/Users/karanmehta/3module/sweater_weather/spec/services/geo_service_spec.rb": {
        "lines": [
          1,
          null,
          1,
          3,
          null,
          1,
          1,
          1,
          1,
          1,
          1,
          1,
          1,
          1,
          1,
          1,
          null,
          null,
          null,
          1,
          1,
          1,
          1,
          null,
          null,
          null
        ]
      },
      "/Users/karanmehta/3module/sweater_weather/app/services/geo_service.rb": {
        "lines": [
          1,
          1,
          5,
          5,
          null,
          null,
          1,
          5,
          5,
          null,
          null,
          5,
          5,
          null,
          null
        ]
      },
      "/Users/karanmehta/3module/sweater_weather/spec/services/library_service_spec.rb": {
        "lines": [
          1,
          null,
          1,
          2,
          null,
          1,
          1,
          1,
          1,
          null,
          null,
          null
        ]
      },
      "/Users/karanmehta/3module/sweater_weather/app/services/library_service.rb": {
        "lines": [
          1,
          1,
          1,
          1,
          1,
          null,
          null
        ]
      },
      "/Users/karanmehta/3module/sweater_weather/spec/services/picture_service_spec.rb": {
        "lines": [
          1,
          null,
          1,
          2,
          null,
          1,
          1,
          1,
          1,
          null,
          null,
          null
        ]
      },
      "/Users/karanmehta/3module/sweater_weather/app/services/picture_service.rb": {
        "lines": [
          1,
          1,
          4,
          null,
          null,
          null,
          4,
          4,
          null,
          null
        ]
      },
      "/Users/karanmehta/3module/sweater_weather/app/controllers/api/v1/forecast_controller.rb": {
        "lines": [
          1,
          1,
          2,
          2,
          2,
          null,
          null
        ]
      },
      "/Users/karanmehta/3module/sweater_weather/app/controllers/application_controller.rb": {
        "lines": [
          1,
          null
        ]
      },
      "/Users/karanmehta/3module/sweater_weather/app/serializers/forecast_serializer.rb": {
        "lines": [
          1,
          1,
          1,
          null
        ]
      },
      "/Users/karanmehta/3module/sweater_weather/app/controllers/api/v1/backgrounds_controller.rb": {
        "lines": [
          1,
          1,
          2,
          2,
          null,
          null
        ]
      },
      "/Users/karanmehta/3module/sweater_weather/app/serializers/picture_serializer.rb": {
        "lines": [
          1,
          1,
          1,
          1,
          null
        ]
      },
      "/Users/karanmehta/3module/sweater_weather/app/controllers/api/v1/users_controller.rb": {
        "lines": [
          1,
          1,
          5,
          5,
          null,
          5,
          5,
          null,
          0,
          null,
          null,
          null,
          1,
          null,
          1,
          5,
          null,
          null
        ]
      },
      "/Users/karanmehta/3module/sweater_weather/app/serializers/users_serializer.rb": {
        "lines": [
          1,
          1,
          1,
          1,
          null
        ]
      },
      "/Users/karanmehta/3module/sweater_weather/app/controllers/api/v1/road_trip_controller.rb": {
        "lines": [
          1,
          1,
          1,
          1,
          1,
          1,
          1,
          1,
          1,
          1,
          null,
          0,
          null,
          null,
          null
        ]
      },
      "/Users/karanmehta/3module/sweater_weather/app/serializers/road_trip_serializer.rb": {
        "lines": [
          1,
          1,
          null,
          1,
          null,
          null,
          null,
          null,
          null,
          1,
          null,
          null,
          null,
          null,
          null,
          null,
          null,
          null,
          null,
          1,
          2,
          2,
          4,
          2,
          null,
          null,
          null,
          1,
          2,
          2,
          11,
          2,
          null,
          null,
          1,
          null,
          0,
          null,
          null,
          null
        ]
      },
      "/Users/karanmehta/3module/sweater_weather/app/controllers/api/v1/sessions_controller.rb": {
        "lines": [
          1,
          1,
          1,
          1,
          1,
          0,
          0,
          null,
          null,
          null
        ]
      }
    },
    "timestamp": 1647553169
  }
}
